[     132ms] [LOG] [Fast Refresh] rebuilding @ http://localhost:3001/_next/static/chunks/node_modules_next_dist_115brz8._.js:2477
[     680ms] [LOG] [Fast Refresh] done in 663ms @ http://localhost:3001/_next/static/chunks/node_modules_next_dist_115brz8._.js:2477
[    1331ms] [INFO] %cDownload the React DevTools for a better development experience: https://react.dev/link/react-devtools font-weight:bold @ http://localhost:3001/_next/static/chunks/node_modules_next_dist_115brz8._.js:2477
[    1381ms] [LOG] [HMR] connected @ http://localhost:3001/_next/static/chunks/node_modules_next_dist_115brz8._.js:2477
[    1602ms] [LOG] [Fast Refresh] rebuilding @ http://localhost:3001/_next/static/chunks/node_modules_next_dist_115brz8._.js:2477
[    1814ms] [LOG] [Fast Refresh] done in 325ms @ http://localhost:3001/_next/static/chunks/node_modules_next_dist_115brz8._.js:2477
[  967928ms] [LOG] [HMR] connected @ http://localhost:3001/_next/static/chunks/node_modules_next_dist_115brz8._.js:2477
[43063778ms] [LOG] [HMR] connected @ http://localhost:3001/_next/static/chunks/node_modules_next_dist_115brz8._.js:2477
[43160588ms] [LOG] [HMR] connected @ http://localhost:3001/_next/static/chunks/node_modules_next_dist_115brz8._.js:2477
[43409278ms] [LOG] [Fast Refresh] rebuilding @ http://localhost:3001/_next/static/chunks/node_modules_next_dist_115brz8._.js:2477
[43409499ms] [LOG] [Fast Refresh] done in 333ms @ http://localhost:3001/_next/static/chunks/node_modules_next_dist_115brz8._.js:2477
[44136786ms] [LOG] [Fast Refresh] rebuilding @ http://localhost:3001/_next/static/chunks/node_modules_next_dist_115brz8._.js:2477
[44136846ms] [LOG] [Fast Refresh] done in 166ms @ http://localhost:3001/_next/static/chunks/node_modules_next_dist_115brz8._.js:2477
[44137253ms] [LOG] [Fast Refresh] rebuilding @ http://localhost:3001/_next/static/chunks/node_modules_next_dist_115brz8._.js:2477
[44137411ms] [LOG] [Fast Refresh] done in 271ms @ http://localhost:3001/_next/static/chunks/node_modules_next_dist_115brz8._.js:2477
[44607333ms] [LOG] [Fast Refresh] rebuilding @ http://localhost:3001/_next/static/chunks/node_modules_next_dist_115brz8._.js:2477
[44607802ms] [LOG] [Fast Refresh] done in 575ms @ http://localhost:3001/_next/static/chunks/node_modules_next_dist_115brz8._.js:2477
[44610992ms] [LOG] [Fast Refresh] rebuilding @ http://localhost:3001/_next/static/chunks/node_modules_next_dist_115brz8._.js:2477
[44611373ms] [LOG] [Fast Refresh] done in 496ms @ http://localhost:3001/_next/static/chunks/node_modules_next_dist_115brz8._.js:2477
[44782927ms] [LOG] [Fast Refresh] rebuilding @ http://localhost:3001/_next/static/chunks/node_modules_next_dist_115brz8._.js:2477
[44783244ms] [LOG] [Fast Refresh] done in 145ms @ http://localhost:3001/_next/static/chunks/node_modules_next_dist_115brz8._.js:2477
[44783463ms] [LOG] [Fast Refresh] rebuilding @ http://localhost:3001/_next/static/chunks/node_modules_next_dist_115brz8._.js:2477
[44783554ms] [LOG] [Fast Refresh] done in 239ms @ http://localhost:3001/_next/static/chunks/node_modules_next_dist_115brz8._.js:2477
[44783709ms] [LOG] [Fast Refresh] rebuilding @ http://localhost:3001/_next/static/chunks/node_modules_next_dist_115brz8._.js:2477
[44783712ms] [LOG] [Fast Refresh] done in 106ms @ http://localhost:3001/_next/static/chunks/node_modules_next_dist_115brz8._.js:2477
[44783914ms] [LOG] [Fast Refresh] rebuilding @ http://localhost:3001/_next/static/chunks/node_modules_next_dist_115brz8._.js:2477
[44783932ms] [LOG] [Fast Refresh] done in 125ms @ http://localhost:3001/_next/static/chunks/node_modules_next_dist_115brz8._.js:2477
[44784057ms] [LOG] [Fast Refresh] rebuilding @ http://localhost:3001/_next/static/chunks/node_modules_next_dist_115brz8._.js:2477
[44784115ms] [LOG] [Fast Refresh] done in 170ms @ http://localhost:3001/_next/static/chunks/node_modules_next_dist_115brz8._.js:2477
[44784307ms] [LOG] [Fast Refresh] rebuilding @ http://localhost:3001/_next/static/chunks/node_modules_next_dist_115brz8._.js:2477
[44784365ms] [LOG] [Fast Refresh] done in 163ms @ http://localhost:3001/_next/static/chunks/node_modules_next_dist_115brz8._.js:2477
[44804882ms] [LOG] [Fast Refresh] rebuilding @ http://localhost:3001/_next/static/chunks/node_modules_next_dist_115brz8._.js:2477
[44804928ms] [LOG] [Fast Refresh] done in 127ms @ http://localhost:3001/_next/static/chunks/node_modules_next_dist_115brz8._.js:2477
[44821039ms] [LOG] [Fast Refresh] rebuilding @ http://localhost:3001/_next/static/chunks/node_modules_next_dist_115brz8._.js:2477
[44821107ms] [LOG] [Fast Refresh] done in 178ms @ http://localhost:3001/_next/static/chunks/node_modules_next_dist_115brz8._.js:2477
[44821211ms] [LOG] [Fast Refresh] rebuilding @ http://localhost:3001/_next/static/chunks/node_modules_next_dist_115brz8._.js:2477
[44821247ms] [LOG] [Fast Refresh] done in 137ms @ http://localhost:3001/_next/static/chunks/node_modules_next_dist_115brz8._.js:2477
[44823633ms] [LOG] [Fast Refresh] rebuilding @ http://localhost:3001/_next/static/chunks/node_modules_next_dist_115brz8._.js:2477
[44823824ms] [LOG] [Fast Refresh] done in 24ms @ http://localhost:3001/_next/static/chunks/node_modules_next_dist_115brz8._.js:2477
[44843458ms] [LOG] [Fast Refresh] rebuilding @ http://localhost:3001/_next/static/chunks/node_modules_next_dist_115brz8._.js:2477
[44843651ms] [LOG] [Fast Refresh] done in 74ms @ http://localhost:3001/_next/static/chunks/node_modules_next_dist_115brz8._.js:2477
[44843773ms] [LOG] [Fast Refresh] rebuilding @ http://localhost:3001/_next/static/chunks/node_modules_next_dist_115brz8._.js:2477
[44843845ms] [LOG] [Fast Refresh] done in 181ms @ http://localhost:3001/_next/static/chunks/node_modules_next_dist_115brz8._.js:2477
[44846392ms] [LOG] [Fast Refresh] rebuilding @ http://localhost:3001/_next/static/chunks/node_modules_next_dist_115brz8._.js:2477
[44846553ms] [LOG] [Fast Refresh] done in 57ms @ http://localhost:3001/_next/static/chunks/node_modules_next_dist_115brz8._.js:2477
[44846692ms] [LOG] [Fast Refresh] rebuilding @ http://localhost:3001/_next/static/chunks/node_modules_next_dist_115brz8._.js:2477
[44846751ms] [LOG] [Fast Refresh] done in 165ms @ http://localhost:3001/_next/static/chunks/node_modules_next_dist_115brz8._.js:2477
[44884370ms] [LOG] [Fast Refresh] rebuilding @ http://localhost:3001/_next/static/chunks/node_modules_next_dist_115brz8._.js:2477
[44884680ms] [LOG] [Fast Refresh] done in 233ms @ http://localhost:3001/_next/static/chunks/node_modules_next_dist_115brz8._.js:2477
[44884805ms] [LOG] [Fast Refresh] rebuilding @ http://localhost:3001/_next/static/chunks/node_modules_next_dist_115brz8._.js:2477
[44885201ms] [LOG] [Fast Refresh] done in 500ms @ http://localhost:3001/_next/static/chunks/node_modules_next_dist_115brz8._.js:2477
[44885304ms] [LOG] [Fast Refresh] rebuilding @ http://localhost:3001/_next/static/chunks/node_modules_next_dist_115brz8._.js:2477
[44885544ms] [LOG] [Fast Refresh] done in 343ms @ http://localhost:3001/_next/static/chunks/node_modules_next_dist_115brz8._.js:2477
[44887961ms] [LOG] [Fast Refresh] rebuilding @ http://localhost:3001/_next/static/chunks/node_modules_next_dist_115brz8._.js:2477
[44888012ms] [LOG] [Fast Refresh] done in 105ms @ http://localhost:3001/_next/static/chunks/node_modules_next_dist_115brz8._.js:2477
[44888128ms] [LOG] [Fast Refresh] rebuilding @ http://localhost:3001/_next/static/chunks/node_modules_next_dist_115brz8._.js:2477
[44888202ms] [LOG] [Fast Refresh] done in 189ms @ http://localhost:3001/_next/static/chunks/node_modules_next_dist_115brz8._.js:2477
[44888427ms] [LOG] [Fast Refresh] rebuilding @ http://localhost:3001/_next/static/chunks/node_modules_next_dist_115brz8._.js:2477
[44888480ms] [LOG] [Fast Refresh] done in 161ms @ http://localhost:3001/_next/static/chunks/node_modules_next_dist_115brz8._.js:2477
